18:11:16 [Q] INFO Q Cluster-25480 starting.
18:11:16 [Q] INFO Process-1:1 ready for work at 25484
18:11:16 [Q] INFO Process-1:2 ready for work at 25485
18:11:16 [Q] INFO Process-1:3 monitoring at 25486
18:11:16 [Q] INFO Process-1:4 pushing tasks at 25487
18:11:16 [Q] INFO Process-1 guarding cluster at 25483
18:11:16 [Q] INFO Q Cluster-25480 running.
18:11:16 [Q] INFO Process-1:1 processing [undress-zebra-blossom-failed]
downloading files from url: http://10.42.67.6:9999/repository/vwfs-yaml/vwfs/fso-release/18.01.16.03/fso-release-18.01.16.03.yaml
local run: command: rm -rf /srv/salt/fso/test/temp/
making dir /srv/salt/fso/test/temp/
local run: command: unzip /srv/salt/fso/test/temp/fs-china-online-backend-api-1.0.826.zip -d /srv/salt/fso/test/temp/fs-china-online-backend-api >/dev/null
file /srv/salt/fso/test/temp/fs-china-online-backend-api get done
local run: command: /usr/bin/rsync -avz --delete /srv/salt/fso/test/temp/fs-china-online-backend-api /srv/salt/fso/test/dmz2
b'sending incremental file list\nfs-china-online-backend-api/\nfs-china-online-backend-api/Global.asax\nfs-china-online-backend-api/Web.config\nfs-china-online-backend-api/packages.config\nfs-china-online-backend-api/unity.config\ndeleting fs-china-online-backend-api/bin/Unity.WebApi.dll\ndeleting fs-china-online-backend-api/bin/Microsoft.Practices.Unity.xml\ndeleting fs-china-online-backend-api/bin/Microsoft.Practices.Unity.dll\ndeleting fs-china-online-backend-api/bin/Microsoft.Practices.Unity.RegistrationByConvention.xml\ndeleting fs-china-online-backend-api/bin/Microsoft.Practices.Unity.RegistrationByConvention.dll\ndeleting fs-china-online-backend-api/bin/Microsoft.Practices.Unity.Configuration.xml\ndeleting fs-china-online-backend-api/bin/Microsoft.Practices.Unity.Configuration.dll\ndeleting fs-china-online-backend-api/bin/Microsoft.Practices.ServiceLocation.xml\ndeleting fs-china-online-backend-api/bin/Microsoft.Practices.ServiceLocation.pdb\ndeleting fs-china-online-backend-api/bin/Microsoft.Practices.ServiceLocation.dll\nfs-china-online-backend-api/bin/\nfs-china-online-backend-api/bin/CommonServiceLocator.dll\nfs-china-online-backend-api/bin/CommonServiceLocator.pdb\nfs-china-online-backend-api/bin/EntityFramework.SqlServer.dll\nfs-china-online-backend-api/bin/EntityFramework.SqlServer.xml\nfs-china-online-backend-api/bin/EntityFramework.dll\nfs-china-online-backend-api/bin/EntityFramework.xml\nfs-china-online-backend-api/bin/HtmlAgilityPack.dll\nfs-china-online-backend-api/bin/HtmlAgilityPack.pdb\nfs-china-online-backend-api/bin/HtmlAgilityPack.xml\nfs-china-online-backend-api/bin/Markdig.dll\nfs-china-online-backend-api/bin/Markdig.xml\nfs-china-online-backend-api/bin/Unity.Abstractions.dll\nfs-china-online-backend-api/bin/Unity.Abstractions.pdb\nfs-china-online-backend-api/bin/Unity.AspNet.WebApi.dll\nfs-china-online-backend-api/bin/Unity.AspNet.WebApi.xml\nfs-china-online-backend-api/bin/Unity.Configuration.dll\nfs-china-online-backend-api/bin/Unity.Configuration.pdb\nfs-china-online-backend-api/bin/Unity.Container.dll\nfs-china-online-backend-api/bin/Unity.Interception.Configuration.dll\nfs-china-online-backend-api/bin/Unity.Interception.Configuration.pdb\nfs-china-online-backend-api/bin/Unity.Interception.dll\nfs-china-online-backend-api/bin/Unity.Interception.pdb\nfs-china-online-backend-api/bin/Unity.RegistrationByConvention.dll\nfs-china-online-backend-api/bin/Unity.RegistrationByConvention.pdb\nfs-china-online-backend-api/bin/Unity.ServiceLocation.dll\nfs-china-online-backend-api/bin/Unity.ServiceLocation.pdb\nfs-china-online-backend-api/bin/VWFSCN.FSOnline.Common.Caching.dll\nfs-china-online-backend-api/bin/VWFSCN.FSOnline.Common.Caching.dll.config\nfs-china-online-backend-api/bin/VWFSCN.FSOnline.Common.Caching.pdb\nfs-china-online-backend-api/bin/VWFSCN.FSOnline.Common.Exception.dll\nfs-china-online-backend-api/bin/VWFSCN.FSOnline.Common.Logger.dll\nfs-china-online-backend-api/bin/VWFSCN.FSOnline.Common.MarkDownProvider.dll\nfs-china-online-backend-api/bin/VWFSCN.FSOnline.Common.QrCodeProvider.dll\nfs-china-online-backend-api/bin/VWFSCN.FSOnline.Common.QrCodeProvider.dll.config\nfs-china-online-backend-api/bin/VWFSCN.FSOnline.Common.SmsProvider.dll\nfs-china-online-backend-api/bin/VWFSCN.FSOnline.Common.SmsProvider.dll.config\nfs-china-online-backend-api/bin/VWFSCN.FSOnline.Common.dll\nfs-china-online-backend-api/bin/VWFSCN.FSOnline.Common.dll.config\nfs-china-online-backend-api/bin/VWFSCN.FSOnline.DAL.Context.dll\nfs-china-online-backend-api/bin/VWFSCN.FSOnline.DAL.Context.dll.config\nfs-china-online-backend-api/bin/VWFSCN.FSOnline.DAL.Facade.dll\nfs-china-online-backend-api/bin/VWFSCN.FSOnline.DAL.Facade.dll.config\nfs-china-online-backend-api/bin/VWFSCN.FSOnline.DataContract.Extension.dll\nfs-china-online-backend-api/bin/VWFSCN.FSOnline.DataContract.Extension.dll.config\nfs-china-online-backend-api/bin/VWFSCN.FSOnline.DataContract.dll\nfs-china-online-backend-api/bin/VWFSCN.FSOnline.DataContract.dll.config\nfs-china-online-backend-api/bin/VWFSCN.FSOnline.Dgi.Service.dll\nfs-china-online-backend-api/bin/VWFSCN.FSOnline.Dgi.Service.dll.config\nfs-china-online-backend-api/bin/VWFSCN.FSOnline.Dgi.Service.pdb\nfs-china-online-backend-api/bin/VWFSCN.FSOnline.Domain.dll\nfs-china-online-backend-api/bin/VWFSCN.FSOnline.Domain.dll.config\nfs-china-online-backend-api/bin/VWFSCN.FSOnline.Gateway.dll\nfs-china-online-backend-api/bin/VWFSCN.FSOnline.Gateway.dll.config\nfs-china-online-backend-api/bin/VWFSCN.FSOnline.Gateway.pdb\nfs-china-online-backend-api/bin/VWFSCN.FSOnline.Service.Proxy.Common.dll\nfs-china-online-backend-api/bin/VWFSCN.FSOnline.Service.Proxy.Common.dll.config\nfs-china-online-backend-api/bin/VWFSCN.FSOnline.Service.WebApi.dll\nfs-china-online-backend-api/bin/VWFSCN.FSOnline.Service.WebApi.xml\nfs-china-online-backend-api/bin/VWFSCN.IT.Common.dll\nfs-china-online-backend-api/bin/VWFSCN.IT.Log.dll\n\nsent 3,088,771 bytes  received 1,993 bytes  1,236,305.60 bytes/sec\ntotal size is 21,258,374  speedup is 6.88\n'
/usr/bin/rsync -avz --delete /srv/salt/fso/test/temp/fs-china-online-backend-api /srv/salt/fso/test/dmz2
local run: command: cp /srv/salt/fso/test/temp/fs-china-online-backend-api-1.0.826.zip /srv/salt/fso/test/dmz2/fs-china-online-backend-api.zip
local run: command: unzip /srv/salt/fso/test/temp/fs-china-online-backend-pbproxy-1.0.826.zip -d /srv/salt/fso/test/temp/fs-china-online-backend-pbproxy >/dev/null
file /srv/salt/fso/test/temp/fs-china-online-backend-pbproxy get done
local run: command: /usr/bin/rsync -avz --delete /srv/salt/fso/test/temp/fs-china-online-backend-pbproxy /srv/salt/fso/test/dmz1
b'sending incremental file list\nfs-china-online-backend-pbproxy/\n\nsent 2,291 bytes  received 22 bytes  4,626.00 bytes/sec\ntotal size is 23,678,082  speedup is 10,236.96\n'
/usr/bin/rsync -avz --delete /srv/salt/fso/test/temp/fs-china-online-backend-pbproxy /srv/salt/fso/test/dmz1
local run: command: cp /srv/salt/fso/test/temp/fs-china-online-backend-pbproxy-1.0.826.zip /srv/salt/fso/test/dmz1/fs-china-online-backend-pbproxy.zip
local run: command: unzip /srv/salt/fso/test/temp/fs-china-online-etl-1.0.45.zip -d /srv/salt/fso/test/temp/fs-china-online-etl >/dev/null
file /srv/salt/fso/test/temp/fs-china-online-etl get done
local run: command: /usr/bin/rsync -avz --delete /srv/salt/fso/test/temp/fs-china-online-etl /srv/salt/fso/test/dmz3
b'sending incremental file list\nfs-china-online-etl/\n\nsent 252 bytes  received 20 bytes  544.00 bytes/sec\ntotal size is 4,323,117  speedup is 15,893.81\n'
/usr/bin/rsync -avz --delete /srv/salt/fso/test/temp/fs-china-online-etl /srv/salt/fso/test/dmz3
local run: command: cp /srv/salt/fso/test/temp/fs-china-online-etl-1.0.45.zip /srv/salt/fso/test/dmz3/fs-china-online-etl.zip
local run: command: unzip /srv/salt/fso/test/temp/fs-china-online-backend-feproxy-1.0.826.zip -d /srv/salt/fso/test/temp/fs-china-online-backend-feproxy >/dev/null
file /srv/salt/fso/test/temp/fs-china-online-backend-feproxy get done
local run: command: /usr/bin/rsync -avz --delete /srv/salt/fso/test/temp/fs-china-online-backend-feproxy /srv/salt/fso/test/dmz1
b'sending incremental file list\nfs-china-online-backend-feproxy/\nfs-china-online-backend-feproxy/Global.asax\nfs-china-online-backend-feproxy/Web.config\nfs-china-online-backend-feproxy/packages.config\nfs-china-online-backend-feproxy/bin/\nfs-china-online-backend-feproxy/bin/VWFSCN.FSOnline.Service.Proxy.Frontend.dll\nfs-china-online-backend-feproxy/bin/VWFSCN.FSOnline.Service.Proxy.Frontend.xml\n\nsent 4,621 bytes  received 123 bytes  9,488.00 bytes/sec\ntotal size is 2,878,490  speedup is 606.76\n'
/usr/bin/rsync -avz --delete /srv/salt/fso/test/temp/fs-china-online-backend-feproxy /srv/salt/fso/test/dmz1
local run: command: cp /srv/salt/fso/test/temp/fs-china-online-backend-feproxy-1.0.826.zip /srv/salt/fso/test/dmz1/fs-china-online-backend-feproxy.zip
local run: command: unzip /srv/salt/fso/test/temp/fs-china-online-backend-admproxy-1.0.826.zip -d /srv/salt/fso/test/temp/fs-china-online-backend-admproxy >/dev/null
file /srv/salt/fso/test/temp/fs-china-online-backend-admproxy get done
local run: command: /usr/bin/rsync -avz --delete /srv/salt/fso/test/temp/fs-china-online-backend-admproxy /srv/salt/fso/test/dmz2
b'sending incremental file list\nfs-china-online-backend-admproxy/\nfs-china-online-backend-admproxy/Global.asax\nfs-china-online-backend-admproxy/Web.config\nfs-china-online-backend-admproxy/packages.config\nfs-china-online-backend-admproxy/bin/\nfs-china-online-backend-admproxy/bin/VWFSCN.FSOnline.Common.Logger.dll\nfs-china-online-backend-admproxy/bin/VWFSCN.FSOnline.Service.Proxy.AdminPortal.dll\nfs-china-online-backend-admproxy/bin/VWFSCN.FSOnline.Service.Proxy.AdminPortal.xml\nfs-china-online-backend-admproxy/bin/VWFSCN.FSOnline.Service.Proxy.Common.dll\nfs-china-online-backend-admproxy/bin/VWFSCN.FSOnline.Service.Proxy.Common.dll.config\nfs-china-online-backend-admproxy/bin/VWFSCN.IT.Common.dll\nfs-china-online-backend-admproxy/bin/VWFSCN.IT.Log.dll\n\nsent 49,097 bytes  received 222 bytes  98,638.00 bytes/sec\ntotal size is 3,497,105  speedup is 70.91\n'
/usr/bin/rsync -avz --delete /srv/salt/fso/test/temp/fs-china-online-backend-admproxy /srv/salt/fso/test/dmz2
local run: command: cp /srv/salt/fso/test/temp/fs-china-online-backend-admproxy-1.0.826.zip /srv/salt/fso/test/dmz2/fs-china-online-backend-admproxy.zip
local run: command: unzip /srv/salt/fso/test/temp/fs-china-online-admin-portal-1.1.14.145.zip -d /srv/salt/fso/test/temp/fs-china-online-admin-portal >/dev/null
file /srv/salt/fso/test/temp/fs-china-online-admin-portal get done
local run: command: /usr/bin/rsync -avz --delete /srv/salt/fso/test/temp/fs-china-online-admin-portal /srv/salt/fso/test/dmz2
b'sending incremental file list\ndeleting fs-china-online-admin-portal/vendor.666ee354b72bd54ea712.js\ndeleting fs-china-online-admin-portal/manifest.e32391e5657b4275f457.js\ndeleting fs-china-online-admin-portal/main.805ab96d113f6b672f71610d9b4ebf16.css\ndeleting fs-china-online-admin-portal/main.15d0ab56986aaa051008.js\nfs-china-online-admin-portal/\nfs-china-online-admin-portal/env.js\nfs-china-online-admin-portal/index.html\nfs-china-online-admin-portal/jquery-ui.min.js\nfs-china-online-admin-portal/jquery.min.js\nfs-china-online-admin-portal/main.a131759afd1a8d4b4d3f7be9a4117364.css\nfs-china-online-admin-portal/main.e868e69e182c28acbe82.js\nfs-china-online-admin-portal/manifest.069dd24f0b0401241378.js\nfs-china-online-admin-portal/vendor.27cf2c0926776f42dd3d.js\nfs-china-online-admin-portal/static/\nfs-china-online-admin-portal/static/fonts/\nfs-china-online-admin-portal/static/fonts/fontawesome-webfont.674f50d.eot\nfs-china-online-admin-portal/static/fonts/fontawesome-webfont.af7ae50.woff2\nfs-china-online-admin-portal/static/fonts/fontawesome-webfont.b06871f.ttf\nfs-china-online-admin-portal/static/fonts/fontawesome-webfont.fee66e7.woff\nfs-china-online-admin-portal/static/fonts/glyphicons-halflings-regular.448c34a.woff2\nfs-china-online-admin-portal/static/fonts/glyphicons-halflings-regular.e18bbf6.ttf\nfs-china-online-admin-portal/static/fonts/glyphicons-halflings-regular.f4769f9.eot\nfs-china-online-admin-portal/static/fonts/glyphicons-halflings-regular.fa27723.woff\nfs-china-online-admin-portal/static/img/\nfs-china-online-admin-portal/static/img/fontawesome-webfont.912ec66.svg\nfs-china-online-admin-portal/static/img/glyphicons-halflings-regular.8988968.svg\n\nsent 1,059,462 bytes  received 649 bytes  2,120,222.00 bytes/sec\ntotal size is 2,745,450  speedup is 2.59\n'
/usr/bin/rsync -avz --delete /srv/salt/fso/test/temp/fs-china-online-admin-portal /srv/salt/fso/test/dmz2
local run: command: cp /srv/salt/fso/test/temp/fs-china-online-admin-portal-1.1.14.145.zip /srv/salt/fso/test/dmz2/fs-china-online-admin-portal.zip
local run: command: unzip /srv/salt/fso/test/temp/fs-china-online-client-1.6.50.1608.zip -d /srv/salt/fso/test/temp/fs-china-online-client >/dev/null
file /srv/salt/fso/test/temp/fs-china-online-client get done
local run: command: /usr/bin/rsync -avz --delete /srv/salt/fso/test/temp/fs-china-online-client /srv/salt/fso/test/dmz1
b'sending incremental file list\ndeleting fs-china-online-client/assets/webtrends.ec720d6c7fb4b91fe701.js\ndeleting fs-china-online-client/assets/vendor.76b5bfef7ed7aeb54cf9.js\ndeleting fs-china-online-client/assets/manifest.00966c34988badf52fbc.js\ndeleting fs-china-online-client/assets/dealer.d76f0935dd671a3709f6.js\ndeleting fs-china-online-client/assets/dealer.15f6757547ecbdd042918e0b0545a6c3.css.map\ndeleting fs-china-online-client/assets/dealer.15f6757547ecbdd042918e0b0545a6c3.css\ndeleting fs-china-online-client/assets/customer.8a59acf63cdafd7967a057d7d17914ab.css.map\ndeleting fs-china-online-client/assets/customer.8a59acf63cdafd7967a057d7d17914ab.css\ndeleting fs-china-online-client/assets/customer.0727d3ed9cedd8fedeee.js\ndeleting fs-china-online-client/assets/\nfs-china-online-client/\nfs-china-online-client/app.css\nfs-china-online-client/app.css.map\nfs-china-online-client/app.js\nfs-china-online-client/app.js.map\nfs-china-online-client/dtmTracking.js\nfs-china-online-client/dtmTracking.js.map\nfs-china-online-client/env.js\nfs-china-online-client/event.js\nfs-china-online-client/index.html\nfs-china-online-client/manifest.js\nfs-china-online-client/manifest.js.map\nfs-china-online-client/vendor.css\nfs-china-online-client/vendor.css.map\nfs-china-online-client/vendor.js\nfs-china-online-client/vendor.js.map\nfs-china-online-client/webtrends.js\nfs-china-online-client/webtrends.js.map\ndeleting fs-china-online-client/fonts/fontawesome-webfont.fee66e7.woff\ndeleting fs-china-online-client/fonts/fontawesome-webfont.b06871f.ttf\ndeleting fs-china-online-client/fonts/fontawesome-webfont.af7ae50.woff2\ndeleting fs-china-online-client/fonts/fontawesome-webfont.674f50d.eot\ndeleting fs-china-online-client/images/step-4-s-i.svg\ndeleting fs-china-online-client/images/step-4-b.svg\ndeleting fs-china-online-client/images/step-3-s-i.svg\ndeleting fs-china-online-client/images/step-3-b.svg\ndeleting fs-china-online-client/images/step-2-s-i.svg\ndeleting fs-china-online-client/images/step-2-b.svg\ndeleting fs-china-online-client/images/step-1-b.svg\ndeleting fs-china-online-client/images/fontawesome-webfont.acf3dcb.svg\nfs-china-online-client/dealer/\nfs-china-online-client/dealer/app.css\nfs-china-online-client/dealer/app.css.map\nfs-china-online-client/dealer/app.js\nfs-china-online-client/dealer/app.js.map\nfs-china-online-client/dealer/dtmTracking.js\nfs-china-online-client/dealer/dtmTracking.js.map\nfs-china-online-client/dealer/env.js\nfs-china-online-client/dealer/event.js\nfs-china-online-client/dealer/index.html\nfs-china-online-client/dealer/manifest.js\nfs-china-online-client/dealer/manifest.js.map\nfs-china-online-client/dealer/vendor.css\nfs-china-online-client/dealer/vendor.css.map\nfs-china-online-client/dealer/vendor.js\nfs-china-online-client/dealer/vendor.js.map\nfs-china-online-client/dealer/webtrends.js\nfs-china-online-client/dealer/webtrends.js.map\nfs-china-online-client/dealer/fonts/\nfs-china-online-client/dealer/fonts/fontawesome-webfont.eot\nfs-china-online-client/dealer/fonts/fontawesome-webfont.ttf\nfs-china-online-client/dealer/fonts/fontawesome-webfont.woff\nfs-china-online-client/dealer/fonts/fontawesome-webfont.woff2\nfs-china-online-client/dealer/images/\nfs-china-online-client/dealer/images/applicant.svg\nfs-china-online-client/dealer/images/applicant_v2.svg\nfs-china-online-client/dealer/images/application.svg\nfs-china-online-client/dealer/images/asset-16.svg\nfs-china-online-client/dealer/images/asset-17.svg\nfs-china-online-client/dealer/images/asset-19.svg\nfs-china-online-client/dealer/images/asset-21.svg\nfs-china-online-client/dealer/images/badge-blue.svg\nfs-china-online-client/dealer/images/badge-red.svg\nfs-china-online-client/dealer/images/budget-circle-icon.svg\nfs-china-online-client/dealer/images/calculation.svg\nfs-china-online-client/dealer/images/campaign-indicator.png\nfs-china-online-client/dealer/images/campaign-indicator.svg\nfs-china-online-client/dealer/images/car-circle-icon.svg\nfs-china-online-client/dealer/images/corner.png\nfs-china-online-client/dealer/images/dealer-default-vehicle.svg\nfs-china-online-client/dealer/images/delete.svg\nfs-china-online-client/dealer/images/edit.svg\nfs-china-online-client/dealer/images/grey-car.svg\nfs-china-online-client/dealer/images/grey-coins.svg\nfs-china-online-client/dealer/images/grey-proxy.svg\nfs-china-online-client/dealer/images/homepage-white.svg\nfs-china-online-client/dealer/images/homepage.svg\nfs-china-online-client/dealer/images/loan.svg\nfs-china-online-client/dealer/images/log-in-white.svg\nfs-china-online-client/dealer/images/log-out-white.svg\nfs-china-online-client/dealer/images/logout-icon.svg\nfs-china-online-client/dealer/images/menu-icon.svg\nfs-china-online-client/dealer/images/menu-white.svg\nfs-china-online-client/dealer/images/minus.svg\nfs-china-online-client/dealer/images/new-profile-icon.svg\nfs-china-online-client/dealer/images/orcode-grey.svg\nfs-china-online-client/dealer/images/orcode.svg\nfs-china-online-client/dealer/images/plus-copy-4.svg\nfs-china-online-client/dealer/images/profile-icon.svg\nfs-china-online-client/dealer/images/register-white.svg\nfs-china-online-client/dealer/images/rmb.svg\nfs-china-online-client/dealer/images/scroll-to-top.svg\nfs-china-online-client/dealer/images/share.svg\nfs-china-online-client/dealer/images/share_v2.svg\nfs-china-online-client/dealer/images/step-1-b-s_v3.svg\nfs-china-online-client/dealer/images/step-1-b_v3.svg\nfs-china-online-client/dealer/images/step-2-b-s_v3.svg\nfs-china-online-client/dealer/images/step-2-b_v3.svg\nfs-china-online-client/dealer/images/step-2-g_v3.svg\nfs-china-online-client/dealer/images/step-3-b-s_v3.svg\nfs-china-online-client/dealer/images/step-3-b_v3.svg\nfs-china-online-client/dealer/images/step-3-g_v3.svg\nfs-china-online-client/dealer/images/step-4-b_v3.svg\nfs-china-online-client/dealer/images/step-4-g_v3.svg\nfs-china-online-client/dealer/images/tips.png\nfs-china-online-client/dealer/images/tools.svg\nfs-china-online-client/dealer/images/trangle.svg\nfs-china-online-client/dealer/images/vw-logo-white.png\nfs-china-online-client/dealer/images/vw_finance_logo_dealer.png\nfs-china-online-client/dealer/images/vwfs-logo.png\nfs-china-online-client/fonts/\nfs-china-online-client/fonts/fontawesome-webfont.eot\nfs-china-online-client/fonts/fontawesome-webfont.ttf\nfs-china-online-client/fonts/fontawesome-webfont.woff\nfs-china-online-client/fonts/fontawesome-webfont.woff2\nfs-china-online-client/images/\nfs-china-online-client/images/applicant.svg\nfs-china-online-client/images/applicant_v2.svg\nfs-china-online-client/images/application.svg\nfs-china-online-client/images/asset-16.svg\nfs-china-online-client/images/asset-17.svg\nfs-china-online-client/images/asset-19.svg\nfs-china-online-client/images/asset-21.svg\nfs-china-online-client/images/badge-blue.svg\nfs-china-online-client/images/badge-red.svg\nfs-china-online-client/images/budget-circle-icon.svg\nfs-china-online-client/images/calculation.svg\nfs-china-online-client/images/campaign-indicator.png\nfs-china-online-client/images/campaign-indicator.svg\nfs-china-online-client/images/car-circle-icon.svg\nfs-china-online-client/images/corner.png\nfs-china-online-client/images/dealer-default-vehicle.svg\nfs-china-online-client/images/delete.svg\nfs-china-online-client/images/edit.svg\nfs-china-online-client/images/grey-car.svg\nfs-china-online-client/images/grey-coins.svg\nfs-china-online-client/images/grey-proxy.svg\nfs-china-online-client/images/homepage-white.svg\nfs-china-online-client/images/homepage.svg\nfs-china-online-client/images/loan.svg\nfs-china-online-client/images/log-in-white.svg\nfs-china-online-client/images/log-out-white.svg\nfs-china-online-client/images/logout-icon.svg\nfs-china-online-client/images/menu-icon.svg\nfs-china-online-client/images/menu-white.svg\nfs-china-online-client/images/minus.svg\nfs-china-online-client/images/new-profile-icon.svg\nfs-china-online-client/images/orcode-grey.svg\nfs-china-online-client/images/orcode.svg\nfs-china-online-client/images/plus-copy-4.svg\nfs-china-online-client/images/profile-icon.svg\nfs-china-online-client/images/register-white.svg\nfs-china-online-client/images/rmb.svg\nfs-china-online-client/images/scroll-to-top.svg\nfs-china-online-client/images/share.svg\nfs-china-online-client/images/share_v2.svg\nfs-china-online-client/images/step-1-b-s_v3.svg\nfs-china-online-client/images/step-1-b_v3.svg\nfs-china-online-client/images/step-2-b-s_v3.svg\nfs-china-online-client/images/step-2-b_v3.svg\nfs-china-online-client/images/step-2-g_v3.svg\nfs-china-online-client/images/step-3-b-s_v3.svg\nfs-china-online-client/images/step-3-b_v3.svg\nfs-china-online-client/images/step-3-g_v3.svg\nfs-china-online-client/images/step-4-b_v3.svg\nfs-china-online-client/images/step-4-g_v3.svg\nfs-china-online-client/images/tips.png\nfs-china-online-client/images/tools.svg\nfs-china-online-client/images/trangle.svg\nfs-china-online-client/images/vw-logo-white.png\nfs-china-online-client/images/vw_finance_logo_dealer.png\nfs-china-online-client/images/vwfs-logo.png\n\nsent 5,751,849 bytes  received 4,323 bytes  1,644,620.57 bytes/sec\ntotal size is 22,070,510  speedup is 3.83\n'18:11:28 [Q] INFO Processed [undress-zebra-blossom-failed]
18:18:46 [Q] INFO Process-1:2 processing [kitten-snake-sad-johnny]
downloading files from url: http://10.42.67.6:9999/repository/vwfs-yaml/vwfs/fso-release/18.01.16.03/fso-release-18.01.16.03.yaml
local run: command: rm -rf /srv/salt/fso/test/temp/
making dir /srv/salt/fso/test/temp/
local run: command: unzip /srv/salt/fso/test/temp/fs-china-online-backend-api-1.0.826.zip -d /srv/salt/fso/test/temp/fs-china-online-backend-api >/dev/null
file /srv/salt/fso/test/temp/fs-china-online-backend-api get done
local run: command: /usr/bin/rsync -avz --delete /srv/salt/fso/test/temp/fs-china-online-backend-api /srv/salt/fso/test/dmz2
b'sending incremental file list\nfs-china-online-backend-api/\n\nsent 3,000 bytes  received 21 bytes  6,042.00 bytes/sec\ntotal size is 21,258,374  speedup is 7,036.87\n'
/usr/bin/rsync -avz --delete /srv/salt/fso/test/temp/fs-china-online-backend-api /srv/salt/fso/test/dmz2
local run: command: cp /srv/salt/fso/test/temp/fs-china-online-backend-api-1.0.826.zip /srv/salt/fso/test/dmz2/fs-china-online-backend-api.zip
local run: command: unzip /srv/salt/fso/test/temp/fs-china-online-backend-pbproxy-1.0.826.zip -d /srv/salt/fso/test/temp/fs-china-online-backend-pbproxy >/dev/null
file /srv/salt/fso/test/temp/fs-china-online-backend-pbproxy get done
local run: command: /usr/bin/rsync -avz --delete /srv/salt/fso/test/temp/fs-china-online-backend-pbproxy /srv/salt/fso/test/dmz1
b'sending incremental file list\nfs-china-online-backend-pbproxy/\n\nsent 2,291 bytes  received 22 bytes  4,626.00 bytes/sec\ntotal size is 23,678,082  speedup is 10,236.96\n'
/usr/bin/rsync -avz --delete /srv/salt/fso/test/temp/fs-china-online-backend-pbproxy /srv/salt/fso/test/dmz1
local run: command: cp /srv/salt/fso/test/temp/fs-china-online-backend-pbproxy-1.0.826.zip /srv/salt/fso/test/dmz1/fs-china-online-backend-pbproxy.zip
local run: command: unzip /srv/salt/fso/test/temp/fs-china-online-etl-1.0.45.zip -d /srv/salt/fso/test/temp/fs-china-online-etl >/dev/null
file /srv/salt/fso/test/temp/fs-china-online-etl get done
local run: command: /usr/bin/rsync -avz --delete /srv/salt/fso/test/temp/fs-china-online-etl /srv/salt/fso/test/dmz3
b'sending incremental file list\nfs-china-online-etl/\n\nsent 253 bytes  received 20 bytes  546.00 bytes/sec\ntotal size is 4,323,117  speedup is 15,835.59\n'
/usr/bin/rsync -avz --delete /srv/salt/fso/test/temp/fs-china-online-etl /srv/salt/fso/test/dmz3
local run: command: cp /srv/salt/fso/test/temp/fs-china-online-etl-1.0.45.zip /srv/salt/fso/test/dmz3/fs-china-online-etl.zip
local run: command: unzip /srv/salt/fso/test/temp/fs-china-online-backend-feproxy-1.0.826.zip -d /srv/salt/fso/test/temp/fs-china-online-backend-feproxy >/dev/null
file /srv/salt/fso/test/temp/fs-china-online-backend-feproxy get done
local run: command: /usr/bin/rsync -avz --delete /srv/salt/fso/test/temp/fs-china-online-backend-feproxy /srv/salt/fso/test/dmz1
b'sending incremental file list\nfs-china-online-backend-feproxy/\n\nsent 564 bytes  received 21 bytes  1,170.00 bytes/sec\ntotal size is 2,878,490  speedup is 4,920.50\n'
/usr/bin/rsync -avz --delete /srv/salt/fso/test/temp/fs-china-online-backend-feproxy /srv/salt/fso/test/dmz1
local run: command: cp /srv/salt/fso/test/temp/fs-china-online-backend-feproxy-1.0.826.zip /srv/salt/fso/test/dmz1/fs-china-online-backend-feproxy.zip
local run: command: unzip /srv/salt/fso/test/temp/fs-china-online-backend-admproxy-1.0.826.zip -d /srv/salt/fso/test/temp/fs-china-online-backend-admproxy >/dev/null
file /srv/salt/fso/test/temp/fs-china-online-backend-admproxy get done
local run: command: /usr/bin/rsync -avz --delete /srv/salt/fso/test/temp/fs-china-online-backend-admproxy /srv/salt/fso/test/dmz2
b'sending incremental file list\nfs-china-online-backend-admproxy/\n\nsent 966 bytes  received 21 bytes  1,974.00 bytes/sec\ntotal size is 3,497,105  speedup is 3,543.17\n'
/usr/bin/rsync -avz --delete /srv/salt/fso/test/temp/fs-china-online-backend-admproxy /srv/salt/fso/test/dmz2
local run: command: cp /srv/salt/fso/test/temp/fs-china-online-backend-admproxy-1.0.826.zip /srv/salt/fso/test/dmz2/fs-china-online-backend-admproxy.zip
local run: command: unzip /srv/salt/fso/test/temp/fs-china-online-admin-portal-1.1.14.145.zip -d /srv/salt/fso/test/temp/fs-china-online-admin-portal >/dev/null
file /srv/salt/fso/test/temp/fs-china-online-admin-portal get done
local run: command: /usr/bin/rsync -avz --delete /srv/salt/fso/test/temp/fs-china-online-admin-portal /srv/salt/fso/test/dmz2
b'sending incremental file list\nfs-china-online-admin-portal/\n\nsent 774 bytes  received 23 bytes  1,594.00 bytes/sec\ntotal size is 2,745,450  speedup is 3,444.73\n'
/usr/bin/rsync -avz --delete /srv/salt/fso/test/temp/fs-china-online-admin-portal /srv/salt/fso/test/dmz2
local run: command: cp /srv/salt/fso/test/temp/fs-china-online-admin-portal-1.1.14.145.zip /srv/salt/fso/test/dmz2/fs-china-online-admin-portal.zip
local run: command: unzip /srv/salt/fso/test/temp/fs-china-online-client-1.6.50.1608.zip -d /srv/salt/fso/test/temp/fs-china-online-client >/dev/null
file /srv/salt/fso/test/temp/fs-china-online-client get done
local run: command: /usr/bin/rsync -avz --delete /srv/salt/fso/test/temp/fs-china-online-client /srv/salt/fso/test/dmz1
b'sending incremental file list\nfs-china-online-client/\n\nsent 3,225 bytes  received 25 bytes  6,500.00 bytes/sec\ntotal size is 22,070,510  speedup is 6,790.93\n'
/usr/bin/rsync -avz --delete /srv/salt/fso/test/temp/fs-china-online-client /srv/salt/fso/test/dmz1
local run: command: cp /srv/salt/fso/test/temp/fs-china-online-client-1.6.50.1608.zip /srv/salt/fso/test/dmz1/fs-china-online-client.zip
/usr/bin/salt -t120 -N fso_test_all state.apply fso/fso_test_all pillar="{'API_ImagesRoot': 'D:\\wwwRoot\\images', 'API_DCPApplicantURL': 'http://10.42.84.212:8085/DataApi/ApplicantApi.ashx', 'API_TestVerificationCode': 99999, 'ImagesRewrite': 'http://fsonline-api-con.fs86.vwf.vwfs-ad:8081/Images/{R:1}', 'SwaggerRootUrl': 'https://114.247.183.89', 'API_ConnectionString': 'data source=sqlcnapp2k.fs86.vwf.vwfs-ad;initial catalog=VWFCFSONLINEK;integrated security=True;multipleactiveresultsets=True;application name=EntityFramework', 'API_SMSWinService': 'http://fscnbesa2007/smsservice/SMSWinService', 'API_DgiService': 'http://beul0009:8080/VwCNWebApp/cxf/DealerPosInterfaceService', 'API_SmsService': 'http://fscnbesa2007/smsservice/SmsService', 'AdminProxy_ProxyURL': 'fsonline-admin-con.fs86.vwf.vwfs-ad:8082/proxy', 'FSOnlineURLAuthority': 'fsonline-api-con.fs86.vwf.vwfs-ad:8081', 'ClientProxy_LogPath': 'C:\\logs\\', 'AdminProxy_LogPath': 'D:\\logs\\', 'API_SMSWinService_servicePrincipalName': 'host/FSCNBEY12102.fs86.vwf.vwfs-ad', 'ClientProxy_ProxyURL': 'cons.vwfs-online.com/proxy', 'API_DCPLeadURL': 'http://10.42.84.212:8085/DataApi/LeadApi.ashx', 'API_LogPath': 'D:\\logs\\'}" --out=json
18.1.16
{'version_number': '18.1.16', 'msg': {'status': True, 'cmd': ['/usr/bin/salt -t120 -N fso_test_all state.apply fso/fso_test_all pillar="{\'API_ImagesRoot\': \'D:\\\\wwwRoot\\\\images\', \'API_DCPApplicantURL\': \'http://10.42.84.212:8085/DataApi/ApplicantApi.ashx\', \'API_TestVerificationCode\': 99999, \'ImagesRewrite\': \'http://fsonline-api-con.fs86.vwf.vwfs-ad:8081/Images/{R:1}\', \'SwaggerRootUrl\': \'https://114.247.183.89\', \'API_ConnectionString\': \'data source=sqlcnapp2k.fs86.vwf.vwfs-ad;initial catalog=VWFCFSONLINEK;integrated security=True;multipleactiveresultsets=True;application name=EntityFramework\', \'API_SMSWinService\': \'http://fscnbesa2007/smsservice/SMSWinService\', \'API_DgiService\': \'http://beul0009:8080/VwCNWebApp/cxf/DealerPosInterfaceService\', \'API_SmsService\': \'http://fscnbesa2007/smsservice/SmsService\', \'AdminProxy_ProxyURL\': \'fsonline-admin-con.fs86.vwf.vwfs-ad:8082/proxy\', \'FSOnlineURLAuthority\': \'fsonline-api-con.fs86.vwf.vwfs-ad:8081\', \'ClientProxy_LogPath\': \'C:\\\\logs\\\\\', \'AdminProxy_LogPath\': \'D:\\\\logs\\\\\', \'API_SMSWinService_servicePrincipalName\': \'host/FSCNBEY12102.fs86.vwf.vwfs-ad\', \'ClientProxy_ProxyURL\': \'cons.vwfs-online.com/proxy\', \'API_DCPLeadURL\': \'http://10.42.84.212:8085/DataApi/LeadApi.ashx\', \'API_LogPath\': \'D:\\\\logs\\\\\'}" --out=json'], 'out': ['"Failed to authenticate! This is most likely because this user is not permitted to execute commands, but there is a small possibility that a disk error occurred (check disk/inode usage)."'], 'err': []}}18:18:52 [Q] INFO Processed [kitten-snake-sad-johnny]
18:19:51 [Q] INFO Process-1:1 processing [oven-king-echo-snake]

/usr/bin/rsync -avz --delete /srv/salt/fso/test/temp/fs-china-online-client /srv/salt/fso/test/dmz1
local run: command: cp /srv/salt/fso/test/temp/fs-china-online-client-1.6.50.1608.zip /srv/salt/fso/test/dmz1/fs-china-online-client.zip
/usr/bin/salt -t120 -N fso_test_all state.apply fso/fso_test_all pillar="{'API_ImagesRoot': 'D:\\wwwRoot\\images', 'API_DCPApplicantURL': 'http://10.42.84.212:8085/DataApi/ApplicantApi.ashx', 'API_TestVerificationCode': 99999, 'ImagesRewrite': 'http://fsonline-api-con.fs86.vwf.vwfs-ad:8081/Images/{R:1}', 'SwaggerRootUrl': 'https://114.247.183.89', 'API_ConnectionString': 'data source=sqlcnapp2k.fs86.vwf.vwfs-ad;initial catalog=VWFCFSONLINEK;integrated security=True;multipleactiveresultsets=True;application name=EntityFramework', 'API_SMSWinService': 'http://fscnbesa2007/smsservice/SMSWinService', 'API_DgiService': 'http://beul0009:8080/VwCNWebApp/cxf/DealerPosInterfaceService', 'API_SmsService': 'http://fscnbesa2007/smsservice/SmsService', 'AdminProxy_ProxyURL': 'fsonline-admin-con.fs86.vwf.vwfs-ad:8082/proxy', 'FSOnlineURLAuthority': 'fsonline-api-con.fs86.vwf.vwfs-ad:8081', 'ClientProxy_LogPath': 'C:\\logs\\', 'AdminProxy_LogPath': 'D:\\logs\\', 'API_SMSWinService_servicePrincipalName': 'host/FSCNBEY12102.fs86.vwf.vwfs-ad', 'ClientProxy_ProxyURL': 'cons.vwfs-online.com/proxy', 'API_DCPLeadURL': 'http://10.42.84.212:8085/DataApi/LeadApi.ashx', 'API_LogPath': 'D:\\logs\\'}" --out=json
18.1.16
{'version_number': '18.1.16', 'msg': {'status': True, 'cmd': ['/usr/bin/salt -t120 -N fso_test_all state.apply fso/fso_test_all pillar="{\'API_ImagesRoot\': \'D:\\\\wwwRoot\\\\images\', \'API_DCPApplicantURL\': \'http://10.42.84.212:8085/DataApi/ApplicantApi.ashx\', \'API_TestVerificationCode\': 99999, \'ImagesRewrite\': \'http://fsonline-api-con.fs86.vwf.vwfs-ad:8081/Images/{R:1}\', \'SwaggerRootUrl\': \'https://114.247.183.89\', \'API_ConnectionString\': \'data source=sqlcnapp2k.fs86.vwf.vwfs-ad;initial catalog=VWFCFSONLINEK;integrated security=True;multipleactiveresultsets=True;application name=EntityFramework\', \'API_SMSWinService\': \'http://fscnbesa2007/smsservice/SMSWinService\', \'API_DgiService\': \'http://beul0009:8080/VwCNWebApp/cxf/DealerPosInterfaceService\', \'API_SmsService\': \'http://fscnbesa2007/smsservice/SmsService\', \'AdminProxy_ProxyURL\': \'fsonline-admin-con.fs86.vwf.vwfs-ad:8082/proxy\', \'FSOnlineURLAuthority\': \'fsonline-api-con.fs86.vwf.vwfs-ad:8081\', \'ClientProxy_LogPath\': \'C:\\\\logs\\\\\', \'AdminProxy_LogPath\': \'D:\\\\logs\\\\\', \'API_SMSWinService_servicePrincipalName\': \'host/FSCNBEY12102.fs86.vwf.vwfs-ad\', \'ClientProxy_ProxyURL\': \'cons.vwfs-online.com/proxy\', \'API_DCPLeadURL\': \'http://10.42.84.212:8085/DataApi/LeadApi.ashx\', \'API_LogPath\': \'D:\\\\logs\\\\\'}" --out=json'], 'out': ['"Failed to authenticate! This is most likely because this user is not permitted to execute commands, but there is a small possibility that a disk error occurred (check disk/inode usage)."'], 'err': []}}
True
downloading files from url: http://10.42.67.6:9999/repository/vwfs-yaml/vwfs/fso-release/18.01.16.03/fso-release-18.01.16.03.yaml
local run: command: rm -rf /srv/salt/fso/test/temp/
making dir /srv/salt/fso/test/temp/
local run: command: unzip /srv/salt/fso/test/temp/fs-china-online-backend-api-1.0.826.zip -d /srv/salt/fso/test/temp/fs-china-online-backend-api >/dev/null
file /srv/salt/fso/test/temp/fs-china-online-backend-api get done
local run: command: /usr/bin/rsync -avz --delete /srv/salt/fso/test/temp/fs-china-online-backend-api /srv/salt/fso/test/dmz2
b'sending incremental file list\nfs-china-online-backend-api/\n\nsent 3,000 bytes  received 21 bytes  6,042.00 bytes/sec\ntotal size is 21,258,374  speedup is 7,036.87\n'
/usr/bin/rsync -avz --delete /srv/salt/fso/test/temp/fs-china-online-backend-api /srv/salt/fso/test/dmz2
local run: command: cp /srv/salt/fso/test/temp/fs-china-online-backend-api-1.0.826.zip /srv/salt/fso/test/dmz2/fs-china-online-backend-api.zip
local run: command: unzip /srv/salt/fso/test/temp/fs-china-online-backend-pbproxy-1.0.826.zip -d /srv/salt/fso/test/temp/fs-china-online-backend-pbproxy >/dev/null
file /srv/salt/fso/test/temp/fs-china-online-backend-pbproxy get done
local run: command: /usr/bin/rsync -avz --delete /srv/salt/fso/test/temp/fs-china-online-backend-pbproxy /srv/salt/fso/test/dmz1
b'sending incremental file list\nfs-china-online-backend-pbproxy/\n\nsent 2,290 bytes  received 22 bytes  4,624.00 bytes/sec\ntotal size is 23,678,082  speedup is 10,241.38\n'
/usr/bin/rsync -avz --delete /srv/salt/fso/test/temp/fs-china-online-backend-pbproxy /srv/salt/fso/test/dmz1
local run: command: cp /srv/salt/fso/test/temp/fs-china-online-backend-pbproxy-1.0.826.zip /srv/salt/fso/test/dmz1/fs-china-online-backend-pbproxy.zip
local run: command: unzip /srv/salt/fso/test/temp/fs-china-online-etl-1.0.45.zip -d /srv/salt/fso/test/temp/fs-china-online-etl >/dev/null
file /srv/salt/fso/test/temp/fs-china-online-etl get done
local run: command: /usr/bin/rsync -avz --delete /srv/salt/fso/test/temp/fs-china-online-etl /srv/salt/fso/test/dmz3
b'sending incremental file list\nfs-china-online-etl/\n\nsent 253 bytes  received 20 bytes  546.00 bytes/sec\ntotal size is 4,323,117  speedup is 15,835.59\n'
/usr/bin/rsync -avz --delete /srv/salt/fso/test/temp/fs-china-online-etl /srv/salt/fso/test/dmz3
local run: command: cp /srv/salt/fso/test/temp/fs-china-online-etl-1.0.45.zip /srv/salt/fso/test/dmz3/fs-china-online-etl.zip
local run: command: unzip /srv/salt/fso/test/temp/fs-china-online-backend-feproxy-1.0.826.zip -d /srv/salt/fso/test/temp/fs-china-online-backend-feproxy >/dev/null
file /srv/salt/fso/test/temp/fs-china-online-backend-feproxy get done
local run: command: /usr/bin/rsync -avz --delete /srv/salt/fso/test/temp/fs-china-online-backend-feproxy /srv/salt/fso/test/dmz1
b'sending incremental file list\nfs-china-online-backend-feproxy/\n\nsent 564 bytes  received 21 bytes  1,170.00 bytes/sec\ntotal size is 2,878,490  speedup is 4,920.50\n'
/usr/bin/rsync -avz --delete /srv/salt/fso/test/temp/fs-china-online-backend-feproxy /srv/salt/fso/test/dmz1
local run: command: cp /srv/salt/fso/test/temp/fs-china-online-backend-feproxy-1.0.826.zip /srv/salt/fso/test/dmz1/fs-china-online-backend-feproxy.zip
local run: command: unzip /srv/salt/fso/test/temp/fs-china-online-backend-admproxy-1.0.826.zip -d /srv/salt/fso/test/temp/fs-china-online-backend-admproxy >/dev/null
file /srv/salt/fso/test/temp/fs-china-online-backend-admproxy get done
local run: command: /usr/bin/rsync -avz --delete /srv/salt/fso/test/temp/fs-china-online-backend-admproxy /srv/salt/fso/test/dmz2
b'sending incremental file list\nfs-china-online-backend-admproxy/\n\nsent 967 bytes  received 21 bytes  1,976.00 bytes/sec\ntotal size is 3,497,105  speedup is 3,539.58\n'
/usr/bin/rsync -avz --delete /srv/salt/fso/test/temp/fs-china-online-backend-admproxy /srv/salt/fso/test/dmz2
local run: command: cp /srv/salt/fso/test/temp/fs-china-online-backend-admproxy-1.0.826.zip /srv/salt/fso/test/dmz2/fs-china-online-backend-admproxy.zip
local run: command: unzip /srv/salt/fso/test/temp/fs-china-online-admin-portal-1.1.14.145.zip -d /srv/salt/fso/test/temp/fs-china-online-admin-portal >/dev/null
file /srv/salt/fso/test/temp/fs-china-online-admin-portal get done
local run: command: /usr/bin/rsync -avz --delete /srv/salt/fso/test/temp/fs-china-online-admin-portal /srv/salt/fso/test/dmz2
b'sending incremental file list\nfs-china-online-admin-portal/\n\nsent 774 bytes  received 23 bytes  1,594.00 bytes/sec\ntotal size is 2,745,450  speedup is 3,444.73\n'
/usr/bin/rsync -avz --delete /srv/salt/fso/test/temp/fs-china-online-admin-portal /srv/salt/fso/test/dmz2
local run: command: cp /srv/salt/fso/test/temp/fs-china-online-admin-portal-1.1.14.145.zip /srv/salt/fso/test/dmz2/fs-china-online-admin-portal.zip
local run: command: unzip /srv/salt/fso/test/temp/fs-china-online-client-1.6.50.1608.zip -d /srv/salt/fso/test/temp/fs-china-online-client >/dev/null
file /srv/salt/fso/test/temp/fs-china-online-client get done
local run: command: /usr/bin/rsync -avz --delete /srv/salt/fso/test/temp/fs-china-online-client /srv/salt/fso/test/dmz118:19:57 [Q] INFO Processed [oven-king-echo-snake]
18:44:24 [Q] INFO Process-1:2 processing [november-indigo-sweet-michigan]

True
downloading files from url: http://10.42.67.6:9999/repository/vwfs-yaml/vwfs/fso-release/18.01.16.03/fso-release-18.01.16.03.yaml
local run: command: rm -rf /srv/salt/fso/test/temp/
making dir /srv/salt/fso/test/temp/
local run: command: unzip /srv/salt/fso/test/temp/fs-china-online-backend-api-1.0.826.zip -d /srv/salt/fso/test/temp/fs-china-online-backend-api >/dev/null
file /srv/salt/fso/test/temp/fs-china-online-backend-api get done
local run: command: /usr/bin/rsync -avz --delete /srv/salt/fso/test/temp/fs-china-online-backend-api /srv/salt/fso/test/dmz2
b'sending incremental file list\nfs-china-online-backend-api/\n\nsent 3,000 bytes  received 21 bytes  6,042.00 bytes/sec\ntotal size is 21,258,374  speedup is 7,036.87\n'
/usr/bin/rsync -avz --delete /srv/salt/fso/test/temp/fs-china-online-backend-api /srv/salt/fso/test/dmz2
local run: command: cp /srv/salt/fso/test/temp/fs-china-online-backend-api-1.0.826.zip /srv/salt/fso/test/dmz2/fs-china-online-backend-api.zip
local run: command: unzip /srv/salt/fso/test/temp/fs-china-online-backend-pbproxy-1.0.826.zip -d /srv/salt/fso/test/temp/fs-china-online-backend-pbproxy >/dev/null
file /srv/salt/fso/test/temp/fs-china-online-backend-pbproxy get done
local run: command: /usr/bin/rsync -avz --delete /srv/salt/fso/test/temp/fs-china-online-backend-pbproxy /srv/salt/fso/test/dmz1
b'sending incremental file list\nfs-china-online-backend-pbproxy/\n\nsent 2,291 bytes  received 22 bytes  4,626.00 bytes/sec\ntotal size is 23,678,082  speedup is 10,236.96\n'
/usr/bin/rsync -avz --delete /srv/salt/fso/test/temp/fs-china-online-backend-pbproxy /srv/salt/fso/test/dmz1
local run: command: cp /srv/salt/fso/test/temp/fs-china-online-backend-pbproxy-1.0.826.zip /srv/salt/fso/test/dmz1/fs-china-online-backend-pbproxy.zip
local run: command: unzip /srv/salt/fso/test/temp/fs-china-online-etl-1.0.45.zip -d /srv/salt/fso/test/temp/fs-china-online-etl >/dev/null
file /srv/salt/fso/test/temp/fs-china-online-etl get done
local run: command: /usr/bin/rsync -avz --delete /srv/salt/fso/test/temp/fs-china-online-etl /srv/salt/fso/test/dmz3
b'sending incremental file list\nfs-china-online-etl/\n\nsent 253 bytes  received 20 bytes  546.00 bytes/sec\ntotal size is 4,323,117  speedup is 15,835.59\n'
/usr/bin/rsync -avz --delete /srv/salt/fso/test/temp/fs-china-online-etl /srv/salt/fso/test/dmz3
local run: command: cp /srv/salt/fso/test/temp/fs-china-online-etl-1.0.45.zip /srv/salt/fso/test/dmz3/fs-china-online-etl.zip
local run: command: unzip /srv/salt/fso/test/temp/fs-china-online-backend-feproxy-1.0.826.zip -d /srv/salt/fso/test/temp/fs-china-online-backend-feproxy >/dev/null
file /srv/salt/fso/test/temp/fs-china-online-backend-feproxy get done
local run: command: /usr/bin/rsync -avz --delete /srv/salt/fso/test/temp/fs-china-online-backend-feproxy /srv/salt/fso/test/dmz1
b'sending incremental file list\nfs-china-online-backend-feproxy/\n\nsent 563 bytes  received 21 bytes  1,168.00 bytes/sec\ntotal size is 2,878,490  speedup is 4,928.92\n'
/usr/bin/rsync -avz --delete /srv/salt/fso/test/temp/fs-china-online-backend-feproxy /srv/salt/fso/test/dmz1
local run: command: cp /srv/salt/fso/test/temp/fs-china-online-backend-feproxy-1.0.826.zip /srv/salt/fso/test/dmz1/fs-china-online-backend-feproxy.zip
local run: command: unzip /srv/salt/fso/test/temp/fs-china-online-backend-admproxy-1.0.826.zip -d /srv/salt/fso/test/temp/fs-china-online-backend-admproxy >/dev/null
file /srv/salt/fso/test/temp/fs-china-online-backend-admproxy get done
local run: command: /usr/bin/rsync -avz --delete /srv/salt/fso/test/temp/fs-china-online-backend-admproxy /srv/salt/fso/test/dmz2
b'sending incremental file list\nfs-china-online-backend-admproxy/\n\nsent 967 bytes  received 21 bytes  1,976.00 bytes/sec\ntotal size is 3,497,105  speedup is 3,539.58\n'
/usr/bin/rsync -avz --delete /srv/salt/fso/test/temp/fs-china-online-backend-admproxy /srv/salt/fso/test/dmz2
local run: command: cp /srv/salt/fso/test/temp/fs-china-online-backend-admproxy-1.0.826.zip /srv/salt/fso/test/dmz2/fs-china-online-backend-admproxy.zip
local run: command: unzip /srv/salt/fso/test/temp/fs-china-online-admin-portal-1.1.14.145.zip -d /srv/salt/fso/test/temp/fs-china-online-admin-portal >/dev/null
file /srv/salt/fso/test/temp/fs-china-online-admin-portal get done
local run: command: /usr/bin/rsync -avz --delete /srv/salt/fso/test/temp/fs-china-online-admin-portal /srv/salt/fso/test/dmz2
b'sending incremental file list\nfs-china-online-admin-portal/\n\nsent 774 bytes  received 23 bytes  1,594.00 bytes/sec\ntotal size is 2,745,450  speedup is 3,444.73\n'
/usr/bin/rsync -avz --delete /srv/salt/fso/test/temp/fs-china-online-admin-portal /srv/salt/fso/test/dmz2
local run: command: cp /srv/salt/fso/test/temp/fs-china-online-admin-portal-1.1.14.145.zip /srv/salt/fso/test/dmz2/fs-china-online-admin-portal.zip
local run: command: unzip /srv/salt/fso/test/temp/fs-china-online-client-1.6.50.1608.zip -d /srv/salt/fso/test/temp/fs-china-online-client >/dev/null
file /srv/salt/fso/test/temp/fs-china-online-client get done
local run: command: /usr/bin/rsync -avz --delete /srv/salt/fso/test/temp/fs-china-online-client /srv/salt/fso/test/dmz1
b'sending incremental file list\nfs-china-online-client/\n\nsent 3,226 bytes  received 25 bytes  6,502.00 bytes/sec\ntotal size is 22,070,510  speedup is 6,788.84\n'
/usr/bin/rsync -avz --delete /srv/salt/fso/test/temp/fs-china-online-client /srv/salt/fso/test/dmz1
local run: command: cp /srv/salt/fso/test/temp/fs-china-online-client-1.6.50.1608.zip /srv/salt/fso/test/dmz1/fs-china-online-client.zip
/usr/bin/salt -t120 -N fso_test_all state.apply fso/fso_test_all pillar="{'API_ImagesRoot': 'D:\\wwwRoot\\images', 'API_DCPApplicantURL': 'http://10.42.84.212:8085/DataApi/ApplicantApi.ashx', 'API_TestVerificationCode': 99999, 'ImagesRewrite': 'http://fsonline-api-con.fs86.vwf.vwfs-ad:8081/Images/{R:1}', 'SwaggerRootUrl': 'https://114.247.183.89', 'API_ConnectionString': 'data source=sqlcnapp2k.fs86.vwf.vwfs-ad;initial catalog=VWFCFSONLINEK;integrated security=True;multipleactiveresultsets=True;application name=EntityFramework', 'API_SMSWinService': 'http://fscnbesa2007/smsservice/SMSWinService', 'API_DgiService': 'http://beul0009:8080/VwCNWebApp/cxf/DealerPosInterfaceService', 'API_SmsService': 'http://fscnbesa2007/smsservice/SmsService', 'AdminProxy_ProxyURL': 'fsonline-admin-con.fs86.vwf.vwfs-ad:8082/proxy', 'FSOnlineURLAuthority': 'fsonline-api-con.fs86.vwf.vwfs-ad:8081', 'ClientProxy_LogPath': 'C:\\logs\\', 'AdminProxy_LogPath': 'D:\\logs\\', 'API_SMSWinService_servicePrincipalName': 'host/FSCNBEY12102.fs86.vwf.vwfs-ad', 'ClientProxy_ProxyURL': 'cons.vwfs-online.com/proxy', 'API_DCPLeadURL': 'http://10.42.84.212:8085/DataApi/LeadApi.ashx', 'API_LogPath': 'D:\\logs\\'}" --out=json
18.1.16
{'version_number': '18.1.16', 'msg': {'status': True, 'cmd': ['/usr/bin/salt -t120 -N fso_test_all state.apply fso/fso_test_all pillar="{\'API_ImagesRoot\': \'D:\\\\wwwRoot\\\\images\', \'API_DCPApplicantURL\': \'http://10.42.84.212:8085/DataApi/ApplicantApi.ashx\', \'API_TestVerificationCode\': 99999, \'ImagesRewrite\': \'http://fsonline-api-con.fs86.vwf.vwfs-ad:8081/Images/{R:1}\', \'SwaggerRootUrl\': \'https://114.247.183.89\', \'API_ConnectionString\': \'data source=sqlcnapp2k.fs86.vwf.vwfs-ad;initial catalog=VWFCFSONLINEK;integrated security=True;multipleactiveresultsets=True;application name=EntityFramework\', \'API_SMSWinService\': \'http://fscnbesa2007/smsservice/SMSWinService\', \'API_DgiService\': \'http://beul0009:8080/VwCNWebApp/cxf/DealerPosInterfaceService\', \'API_SmsService\': \'http://fscnbesa2007/smsservice/SmsService\', \'AdminProxy_ProxyURL\': \'fsonline-admin-con.fs86.vwf.vwfs-ad:8082/proxy\', \'FSOnlineURLAuthority\': \'fsonline-api-con.fs86.vwf.vwfs-ad:8081\', \'ClientProxy_LogPath\': \'C:\\\\logs\\\\\', \'AdminProxy_LogPath\': \'D:\\\\logs\\\\\', \'API_SMSWinService_servicePrincipalName\': \'host/FSCNBEY12102.fs86.vwf.vwfs-ad\', \'ClientProxy_ProxyURL\': \'cons.vwfs-online.com/proxy\', \'API_DCPLeadURL\': \'http://10.42.84.212:8085/DataApi/LeadApi.ashx\', \'API_LogPath\': \'D:\\\\logs\\\\\'}" --out=json'], 'out': ['"Failed to authenticate! This is most likely because this user is not permitted to execute commands, but there is a small possibility that a disk error occurred (check disk/inode usage)."'], 'err': []}}18:44:32 [Q] INFO Processed [november-indigo-sweet-michigan]
18:45:08 [Q] INFO Process-1:1 processing [north-red-april-cat]

b'sending incremental file list\nfs-china-online-client/\n\nsent 3,226 bytes  received 25 bytes  6,502.00 bytes/sec\ntotal size is 22,070,510  speedup is 6,788.84\n'
/usr/bin/rsync -avz --delete /srv/salt/fso/test/temp/fs-china-online-client /srv/salt/fso/test/dmz1
local run: command: cp /srv/salt/fso/test/temp/fs-china-online-client-1.6.50.1608.zip /srv/salt/fso/test/dmz1/fs-china-online-client.zip
/usr/bin/salt -t120 -N fso_test_all state.apply fso/fso_test_all pillar="{'API_ImagesRoot': 'D:\\wwwRoot\\images', 'API_DCPApplicantURL': 'http://10.42.84.212:8085/DataApi/ApplicantApi.ashx', 'API_TestVerificationCode': 99999, 'ImagesRewrite': 'http://fsonline-api-con.fs86.vwf.vwfs-ad:8081/Images/{R:1}', 'SwaggerRootUrl': 'https://114.247.183.89', 'API_ConnectionString': 'data source=sqlcnapp2k.fs86.vwf.vwfs-ad;initial catalog=VWFCFSONLINEK;integrated security=True;multipleactiveresultsets=True;application name=EntityFramework', 'API_SMSWinService': 'http://fscnbesa2007/smsservice/SMSWinService', 'API_DgiService': 'http://beul0009:8080/VwCNWebApp/cxf/DealerPosInterfaceService', 'API_SmsService': 'http://fscnbesa2007/smsservice/SmsService', 'AdminProxy_ProxyURL': 'fsonline-admin-con.fs86.vwf.vwfs-ad:8082/proxy', 'FSOnlineURLAuthority': 'fsonline-api-con.fs86.vwf.vwfs-ad:8081', 'ClientProxy_LogPath': 'C:\\logs\\', 'AdminProxy_LogPath': 'D:\\logs\\', 'API_SMSWinService_servicePrincipalName': 'host/FSCNBEY12102.fs86.vwf.vwfs-ad', 'ClientProxy_ProxyURL': 'cons.vwfs-online.com/proxy', 'API_DCPLeadURL': 'http://10.42.84.212:8085/DataApi/LeadApi.ashx', 'API_LogPath': 'D:\\logs\\'}" --out=json
18.1.16
{'version_number': '18.1.16', 'msg': {'status': True, 'cmd': ['/usr/bin/salt -t120 -N fso_test_all state.apply fso/fso_test_all pillar="{\'API_ImagesRoot\': \'D:\\\\wwwRoot\\\\images\', \'API_DCPApplicantURL\': \'http://10.42.84.212:8085/DataApi/ApplicantApi.ashx\', \'API_TestVerificationCode\': 99999, \'ImagesRewrite\': \'http://fsonline-api-con.fs86.vwf.vwfs-ad:8081/Images/{R:1}\', \'SwaggerRootUrl\': \'https://114.247.183.89\', \'API_ConnectionString\': \'data source=sqlcnapp2k.fs86.vwf.vwfs-ad;initial catalog=VWFCFSONLINEK;integrated security=True;multipleactiveresultsets=True;application name=EntityFramework\', \'API_SMSWinService\': \'http://fscnbesa2007/smsservice/SMSWinService\', \'API_DgiService\': \'http://beul0009:8080/VwCNWebApp/cxf/DealerPosInterfaceService\', \'API_SmsService\': \'http://fscnbesa2007/smsservice/SmsService\', \'AdminProxy_ProxyURL\': \'fsonline-admin-con.fs86.vwf.vwfs-ad:8082/proxy\', \'FSOnlineURLAuthority\': \'fsonline-api-con.fs86.vwf.vwfs-ad:8081\', \'ClientProxy_LogPath\': \'C:\\\\logs\\\\\', \'AdminProxy_LogPath\': \'D:\\\\logs\\\\\', \'API_SMSWinService_servicePrincipalName\': \'host/FSCNBEY12102.fs86.vwf.vwfs-ad\', \'ClientProxy_ProxyURL\': \'cons.vwfs-online.com/proxy\', \'API_DCPLeadURL\': \'http://10.42.84.212:8085/DataApi/LeadApi.ashx\', \'API_LogPath\': \'D:\\\\logs\\\\\'}" --out=json'], 'out': ['"Failed to authenticate! This is most likely because this user is not permitted to execute commands, but there is a small possibility that a disk error occurred (check disk/inode usage)."'], 'err': []}}
True
downloading files from url: http://10.42.67.6:9999/repository/vwfs-yaml/vwfs/fso-release/18.01.16.03/fso-release-18.01.16.03.yaml
local run: command: rm -rf /srv/salt/fso/test/temp/
making dir /srv/salt/fso/test/temp/
local run: command: unzip /srv/salt/fso/test/temp/fs-china-online-backend-api-1.0.826.zip -d /srv/salt/fso/test/temp/fs-china-online-backend-api >/dev/null
file /srv/salt/fso/test/temp/fs-china-online-backend-api get done
local run: command: /usr/bin/rsync -avz --delete /srv/salt/fso/test/temp/fs-china-online-backend-api /srv/salt/fso/test/dmz2
b'sending incremental file list\nfs-china-online-backend-api/\n\nsent 2,999 bytes  received 21 bytes  6,040.00 bytes/sec\ntotal size is 21,258,374  speedup is 7,039.20\n'
/usr/bin/rsync -avz --delete /srv/salt/fso/test/temp/fs-china-online-backend-api /srv/salt/fso/test/dmz2
local run: command: cp /srv/salt/fso/test/temp/fs-china-online-backend-api-1.0.826.zip /srv/salt/fso/test/dmz2/fs-china-online-backend-api.zip
local run: command: unzip /srv/salt/fso/test/temp/fs-china-online-backend-pbproxy-1.0.826.zip -d /srv/salt/fso/test/temp/fs-china-online-backend-pbproxy >/dev/null
file /srv/salt/fso/test/temp/fs-china-online-backend-pbproxy get done
local run: command: /usr/bin/rsync -avz --delete /srv/salt/fso/test/temp/fs-china-online-backend-pbproxy /srv/salt/fso/test/dmz1
b'sending incremental file list\nfs-china-online-backend-pbproxy/\n\nsent 2,290 bytes  received 22 bytes  4,624.00 bytes/sec\ntotal size is 23,678,082  speedup is 10,241.38\n'
/usr/bin/rsync -avz --delete /srv/salt/fso/test/temp/fs-china-online-backend-pbproxy /srv/salt/fso/test/dmz1
local run: command: cp /srv/salt/fso/test/temp/fs-china-online-backend-pbproxy-1.0.826.zip /srv/salt/fso/test/dmz1/fs-china-online-backend-pbproxy.zip
local run: command: unzip /srv/salt/fso/test/temp/fs-china-online-etl-1.0.45.zip -d /srv/salt/fso/test/temp/fs-china-online-etl >/dev/null
file /srv/salt/fso/test/temp/fs-china-online-etl get done
local run: command: /usr/bin/rsync -avz --delete /srv/salt/fso/test/temp/fs-china-online-etl /srv/salt/fso/test/dmz3
b'sending incremental file list\nfs-china-online-etl/\n\nsent 252 bytes  received 20 bytes  544.00 bytes/sec\ntotal size is 4,323,117  speedup is 15,893.81\n'
/usr/bin/rsync -avz --delete /srv/salt/fso/test/temp/fs-china-online-etl /srv/salt/fso/test/dmz3
local run: command: cp /srv/salt/fso/test/temp/fs-china-online-etl-1.0.45.zip /srv/salt/fso/test/dmz3/fs-china-online-etl.zip
local run: command: unzip /srv/salt/fso/test/temp/fs-china-online-backend-feproxy-1.0.826.zip -d /srv/salt/fso/test/temp/fs-china-online-backend-feproxy >/dev/null
file /srv/salt/fso/test/temp/fs-china-online-backend-feproxy get done
local run: command: /usr/bin/rsync -avz --delete /srv/salt/fso/test/temp/fs-china-online-backend-feproxy /srv/salt/fso/test/dmz1
b'sending incremental file list\nfs-china-online-backend-feproxy/\n\nsent 564 bytes  received 21 bytes  1,170.00 bytes/sec\ntotal size is 2,878,490  speedup is 4,920.50\n'
/usr/bin/rsync -avz --delete /srv/salt/fso/test/temp/fs-china-online-backend-feproxy /srv/salt/fso/test/dmz1
local run: command: cp /srv/salt/fso/test/temp/fs-china-online-backend-feproxy-1.0.826.zip /srv/salt/fso/test/dmz1/fs-china-online-backend-feproxy.zip
local run: command: unzip /srv/salt/fso/test/temp/fs-china-online-backend-admproxy-1.0.826.zip -d /srv/salt/fso/test/temp/fs-china-online-backend-admproxy >/dev/null
file /srv/salt/fso/test/temp/fs-china-online-backend-admproxy get done
local run: command: /usr/bin/rsync -avz --delete /srv/salt/fso/test/temp/fs-china-online-backend-admproxy /srv/salt/fso/test/dmz2
b'sending incremental file list\nfs-china-online-backend-admproxy/\n\nsent 967 bytes  received 21 bytes  1,976.00 bytes/sec\ntotal size is 3,497,105  speedup is 3,539.58\n'
/usr/bin/rsync -avz --delete /srv/salt/fso/test/temp/fs-china-online-backend-admproxy /srv/salt/fso/test/dmz2
local run: command: cp /srv/salt/fso/test/temp/fs-china-online-backend-admproxy-1.0.826.zip /srv/salt/fso/test/dmz2/fs-china-online-backend-admproxy.zip
local run: command: unzip /srv/salt/fso/test/temp/fs-china-online-admin-portal-1.1.14.145.zip -d /srv/salt/fso/test/temp/fs-china-online-admin-portal >/dev/null
file /srv/salt/fso/test/temp/fs-china-online-admin-portal get done
local run: command: /usr/bin/rsync -avz --delete /srv/salt/fso/test/temp/fs-china-online-admin-portal /srv/salt/fso/test/dmz2
b'sending incremental file list\nfs-china-online-admin-portal/\n\nsent 774 bytes  received 23 bytes  1,594.00 bytes/sec\ntotal size is 2,745,450  speedup is 3,444.73\n'
/usr/bin/rsync -avz --delete /srv/salt/fso/test/temp/fs-china-online-admin-portal /srv/salt/fso/test/dmz2
local run: command: cp /srv/salt/fso/test/temp/fs-china-online-admin-portal-1.1.14.145.zip /srv/salt/fso/test/dmz2/fs-china-online-admin-portal.zip
local run: command: unzip /srv/salt/fso/test/temp/fs-china-online-client-1.6.50.1608.zip -d /srv/salt/fso/test/temp/fs-china-online-client >/dev/null
file /srv/salt/fso/test/temp/fs-china-online-client get done18:45:15 [Q] INFO Processed [north-red-april-cat]
